mode: atomic
stringsvc1/main.go:28.58,29.13 1 1
stringsvc1/main.go:32.2,32.32 1 1
stringsvc1/main.go:29.13,31.3 1 0
stringsvc1/main.go:35.42,37.2 1 1
stringsvc1/main.go:39.56,40.13 1 1
stringsvc1/main.go:43.2,44.52 2 1
stringsvc1/main.go:47.2,47.25 1 1
stringsvc1/main.go:40.13,42.3 1 0
stringsvc1/main.go:44.52,46.3 1 6
stringsvc1/main.go:82.65,83.75 1 0
stringsvc1/main.go:83.75,86.17 3 0
stringsvc1/main.go:89.3,89.39 1 0
stringsvc1/main.go:86.17,88.4 1 0
stringsvc1/main.go:93.61,94.75 1 0
stringsvc1/main.go:94.75,98.3 3 0
stringsvc1/main.go:101.63,102.75 1 0
stringsvc1/main.go:102.75,105.17 3 0
stringsvc1/main.go:108.3,108.37 1 0
stringsvc1/main.go:105.17,107.4 1 0
stringsvc1/main.go:114.13,139.2 8 0
stringsvc1/main.go:141.86,143.65 2 0
stringsvc1/main.go:146.2,146.21 1 0
stringsvc1/main.go:143.65,145.3 1 0
stringsvc1/main.go:149.84,151.65 2 0
stringsvc1/main.go:154.2,154.21 1 0
stringsvc1/main.go:151.65,153.3 1 0
stringsvc1/main.go:157.82,159.65 2 0
stringsvc1/main.go:162.2,162.21 1 0
stringsvc1/main.go:159.65,161.3 1 0
stringsvc1/main.go:165.91,167.2 1 0
